[main] INFO  com.amazon.Test.BaseTest  - Launch Amazon Browser 
[main] INFO  com.amazon.Test.BaseTest  - Details Of Entered Key 
[main] INFO  com.amazon.Test.BaseTest  - Details Of Product Page
[main] INFO  com.amazon.Test.BaseTest  - Details Of Cart Result Page
[main] INFO  com.amazon.Test.BaseTest  - Details Of Entered Key 
[main] INFO  com.amazon.Test.BaseTest  - Details Of Product Page
[main] INFO  com.amazon.Test.BaseTest  - Details Of Cart Result Page
[main] INFO  com.amazon.Test.BaseTest  - Details Of Entered Key 
[main] INFO  com.amazon.Test.BaseTest  - Details Of Product Page
[main] INFO  com.amazon.Test.BaseTest  - Details Of Cart Result Page
[main] INFO  com.amazon.Test.BaseTest  - Details Of Entered Key 
[main] INFO  com.amazon.Test.BaseTest  - Details Of Product Page
[main] INFO  com.amazon.Test.BaseTest  - Details Of Cart Result Page
[main] INFO  com.amazon.Test.BaseTest  - List of products name
[main] INFO  com.amazon.Test.BaseTest  - List of products name
[main] INFO  com.amazon.Test.BaseTest  -  Display bestseller product name
[main] INFO  com.amazon.Test.BaseTest  - List of added product
[main] INFO  com.amazon.Test.BaseTest  - List of products name
[main] INFO  com.amazon.Test.BaseTest  -  Display bestseller product name
[main] INFO  com.amazon.Test.BaseTest  - List of added product
[main] INFO  com.amazon.Test.BaseTest  - List of products name
[main] INFO  com.amazon.Test.BaseTest  -  Display bestseller product name
[main] INFO  com.amazon.Test.BaseTest  - List of added product
[main] INFO  com.amazon.Test.BaseTest  - List of products name
[main] INFO  com.amazon.Test.BaseTest  - List of products name
[main] INFO  com.amazon.Test.BaseTest  - List of products name
[main] INFO  com.amazon.Test.BaseTest  -  Display bestseller product name
[main] INFO  com.amazon.Test.BaseTest  - List of added product
[main] INFO  com.amazon.Test.BaseTest  - List of products name
[main] INFO  com.amazon.Test.BaseTest  -  Display bestseller product name
[main] INFO  com.amazon.Test.BaseTest  - List of added product
[main] INFO  com.amazon.Test.BaseTest  - List of products name
[main] INFO  com.amazon.Test.BaseTest  -  Display bestseller product name
[main] INFO  com.amazon.Test.BaseTest  - List of added product
[main] INFO  com.amazon.Test.BaseTest  - List of products name
[main] INFO  com.amazon.Test.BaseTest  -  Display bestseller product name
[main] INFO  com.amazon.Test.BaseTest  - List of added product
[main] INFO  com.amazon.Test.BaseTest  - List of products name
[main] INFO  com.amazon.Test.BaseTest  -  Display bestseller product name
[main] INFO  com.amazon.Test.BaseTest  - List of added product
[main] INFO  com.amazon.Test.BaseTest  - List of products name
[main] INFO  com.amazon.Test.BaseTest  -  Display bestseller product name
[main] INFO  com.amazon.Test.BaseTest  - List of added product
[main] INFO  com.amazon.Test.BaseTest  - List of products name
[main] INFO  com.amazon.Test.BaseTest  - List of products name
[main] INFO  com.amazon.Test.BaseTest  -  Display bestseller product name
[main] INFO  com.amazon.Test.BaseTest  - List of added product
[main] INFO  com.amazon.Test.BaseTest  - List of products name
[main] INFO  com.amazon.Test.BaseTest  -  Display bestseller product name
[main] INFO  com.amazon.Test.BaseTest  - List of added product
